2019-03-19 08:20:02.491  INFO 11024 --- [main] c.t.r.RestUploaderApplication            : Starting RestUploaderApplication on DESKTOP-KBE98QV with PID 11024 (D:\JAVA\IdeaTestProjects\rest-uploader\target\classes started by misha in D:\JAVA\IdeaTestProjects\rest-uploader)
2019-03-19 08:20:02.506  INFO 11024 --- [main] c.t.r.RestUploaderApplication            : No active profile set, falling back to default profiles: default
2019-03-19 08:20:05.814  INFO 11024 --- [main] o.s.b.w.embedded.tomcat.TomcatWebServer  : Tomcat initialized with port(s): 8080 (http)
2019-03-19 08:20:05.877  INFO 11024 --- [main] o.apache.catalina.core.StandardService   : Starting service [Tomcat]
2019-03-19 08:20:05.877  INFO 11024 --- [main] org.apache.catalina.core.StandardEngine  : Starting Servlet engine: [Apache Tomcat/9.0.16]
2019-03-19 08:20:05.892  INFO 11024 --- [main] o.a.catalina.core.AprLifecycleListener   : The APR based Apache Tomcat Native library which allows optimal performance in production environments was not found on the java.library.path: [C:\Program Files\Java\jdk1.8.0_191\bin;C:\WINDOWS\Sun\Java\bin;C:\WINDOWS\system32;C:\WINDOWS;C:\Program Files (x86)\Common Files\Oracle\Java\javapath;C:\WINDOWS\system32;C:\WINDOWS;C:\WINDOWS\System32\Wbem;C:\WINDOWS\System32\WindowsPowerShell\v1.0\;C:\Program Files (x86)\Skype\Phone\;C:\WINDOWS\System32\OpenSSH\;C:\Program Files\Git\cmd;C:\Program Files\Git\mingw64\bin;C:\Program Files\Git\usr\bin;C:\Users\misha\AppData\Local\Microsoft\WindowsApps;;.]
2019-03-19 08:20:06.095  INFO 11024 --- [main] o.a.c.c.C.[.[localhost].[/testApi]       : Initializing Spring embedded WebApplicationContext
2019-03-19 08:20:06.095  INFO 11024 --- [main] o.s.web.context.ContextLoader            : Root WebApplicationContext: initialization completed in 3479 ms
2019-03-19 08:20:06.900  INFO 11024 --- [main] o.s.s.web.DefaultSecurityFilterChain     : Creating filter chain: any request, [org.springframework.security.web.context.request.async.WebAsyncManagerIntegrationFilter@64e1dd11, org.springframework.security.web.context.SecurityContextPersistenceFilter@5a865416, org.springframework.security.web.header.HeaderWriterFilter@e93f3d5, org.springframework.security.web.authentication.logout.LogoutFilter@3044e9c7, org.springframework.security.web.authentication.www.BasicAuthenticationFilter@6bff19ff, org.springframework.security.web.savedrequest.RequestCacheAwareFilter@7ff2b8d2, org.springframework.security.web.servletapi.SecurityContextHolderAwareRequestFilter@4f449e8f, org.springframework.security.web.authentication.AnonymousAuthenticationFilter@5c089b2f, org.springframework.security.web.session.SessionManagementFilter@5e76a2bb, org.springframework.security.web.access.ExceptionTranslationFilter@4d6f623d, org.springframework.security.web.access.intercept.FilterSecurityInterceptor@2234078]
2019-03-19 08:20:07.096  INFO 11024 --- [main] o.s.s.concurrent.ThreadPoolTaskExecutor  : Initializing ExecutorService 'applicationTaskExecutor'
2019-03-19 08:20:07.460  INFO 11024 --- [main] o.s.b.w.embedded.tomcat.TomcatWebServer  : Tomcat started on port(s): 8080 (http) with context path '/testApi'
2019-03-19 08:20:07.460  INFO 11024 --- [main] c.t.r.RestUploaderApplication            : Started RestUploaderApplication in 6.516 seconds (JVM running for 9.022)
2019-03-19 08:20:17.842  INFO 11024 --- [http-nio-8080-exec-2] o.a.c.c.C.[.[localhost].[/testApi]       : Initializing Spring DispatcherServlet 'dispatcherServlet'
2019-03-19 08:20:17.842  INFO 11024 --- [http-nio-8080-exec-2] o.s.web.servlet.DispatcherServlet        : Initializing Servlet 'dispatcherServlet'
2019-03-19 08:20:17.861  INFO 11024 --- [http-nio-8080-exec-2] o.s.web.servlet.DispatcherServlet        : Completed initialization in 18 ms
2019-03-19 08:22:18.163  INFO 4192 --- [main] c.t.r.RestUploaderApplication            : Starting RestUploaderApplication on DESKTOP-KBE98QV with PID 4192 (D:\JAVA\IdeaTestProjects\rest-uploader\target\classes started by misha in D:\JAVA\IdeaTestProjects\rest-uploader)
2019-03-19 08:22:18.163  INFO 4192 --- [main] c.t.r.RestUploaderApplication            : No active profile set, falling back to default profiles: default
2019-03-19 08:22:21.045  INFO 4192 --- [main] o.s.b.w.embedded.tomcat.TomcatWebServer  : Tomcat initialized with port(s): 8080 (http)
2019-03-19 08:22:21.081  INFO 4192 --- [main] o.apache.catalina.core.StandardService   : Starting service [Tomcat]
2019-03-19 08:22:21.081  INFO 4192 --- [main] org.apache.catalina.core.StandardEngine  : Starting Servlet engine: [Apache Tomcat/9.0.16]
2019-03-19 08:22:21.081  INFO 4192 --- [main] o.a.catalina.core.AprLifecycleListener   : The APR based Apache Tomcat Native library which allows optimal performance in production environments was not found on the java.library.path: [C:\Program Files\Java\jdk1.8.0_191\bin;C:\WINDOWS\Sun\Java\bin;C:\WINDOWS\system32;C:\WINDOWS;C:\Program Files (x86)\Common Files\Oracle\Java\javapath;C:\WINDOWS\system32;C:\WINDOWS;C:\WINDOWS\System32\Wbem;C:\WINDOWS\System32\WindowsPowerShell\v1.0\;C:\Program Files (x86)\Skype\Phone\;C:\WINDOWS\System32\OpenSSH\;C:\Program Files\Git\cmd;C:\Program Files\Git\mingw64\bin;C:\Program Files\Git\usr\bin;C:\Users\misha\AppData\Local\Microsoft\WindowsApps;;.]
2019-03-19 08:22:21.296  INFO 4192 --- [main] o.a.c.c.C.[.[localhost].[/testApi]       : Initializing Spring embedded WebApplicationContext
2019-03-19 08:22:21.296  INFO 4192 --- [main] o.s.web.context.ContextLoader            : Root WebApplicationContext: initialization completed in 2977 ms
2019-03-19 08:22:22.029  INFO 4192 --- [main] o.s.s.web.DefaultSecurityFilterChain     : Creating filter chain: any request, [org.springframework.security.web.context.request.async.WebAsyncManagerIntegrationFilter@6b410923, org.springframework.security.web.context.SecurityContextPersistenceFilter@1623bbe5, org.springframework.security.web.header.HeaderWriterFilter@712ca57b, org.springframework.security.web.authentication.logout.LogoutFilter@4cee7fa0, org.springframework.security.web.authentication.www.BasicAuthenticationFilter@5a101b1c, org.springframework.security.web.savedrequest.RequestCacheAwareFilter@4351171a, org.springframework.security.web.servletapi.SecurityContextHolderAwareRequestFilter@3c5a54b7, org.springframework.security.web.authentication.AnonymousAuthenticationFilter@57bd2029, org.springframework.security.web.session.SessionManagementFilter@6dba847b, org.springframework.security.web.access.ExceptionTranslationFilter@5488b5c5, org.springframework.security.web.access.intercept.FilterSecurityInterceptor@d400943]
2019-03-19 08:22:22.248  INFO 4192 --- [main] o.s.s.concurrent.ThreadPoolTaskExecutor  : Initializing ExecutorService 'applicationTaskExecutor'
2019-03-19 08:22:22.561  INFO 4192 --- [main] o.s.b.w.embedded.tomcat.TomcatWebServer  : Tomcat started on port(s): 8080 (http) with context path '/testApi'
2019-03-19 08:22:22.576  INFO 4192 --- [main] c.t.r.RestUploaderApplication            : Started RestUploaderApplication in 5.861 seconds (JVM running for 7.977)
2019-03-19 08:22:31.057  INFO 4192 --- [http-nio-8080-exec-2] o.a.c.c.C.[.[localhost].[/testApi]       : Initializing Spring DispatcherServlet 'dispatcherServlet'
2019-03-19 08:22:31.057  INFO 4192 --- [http-nio-8080-exec-2] o.s.web.servlet.DispatcherServlet        : Initializing Servlet 'dispatcherServlet'
2019-03-19 08:22:31.072  INFO 4192 --- [http-nio-8080-exec-2] o.s.web.servlet.DispatcherServlet        : Completed initialization in 15 ms
2019-03-19 08:23:36.490  INFO 7176 --- [main] c.t.r.RestUploaderApplication            : Starting RestUploaderApplication on DESKTOP-KBE98QV with PID 7176 (D:\JAVA\IdeaTestProjects\rest-uploader\target\classes started by misha in D:\JAVA\IdeaTestProjects\rest-uploader)
2019-03-19 08:23:36.490  INFO 7176 --- [main] c.t.r.RestUploaderApplication            : No active profile set, falling back to default profiles: default
2019-03-19 08:23:40.009  INFO 7176 --- [main] o.s.b.w.embedded.tomcat.TomcatWebServer  : Tomcat initialized with port(s): 8080 (http)
2019-03-19 08:23:40.056  INFO 7176 --- [main] o.apache.catalina.core.StandardService   : Starting service [Tomcat]
2019-03-19 08:23:40.057  INFO 7176 --- [main] org.apache.catalina.core.StandardEngine  : Starting Servlet engine: [Apache Tomcat/9.0.16]
2019-03-19 08:23:40.069  INFO 7176 --- [main] o.a.catalina.core.AprLifecycleListener   : The APR based Apache Tomcat Native library which allows optimal performance in production environments was not found on the java.library.path: [C:\Program Files\Java\jdk1.8.0_191\bin;C:\WINDOWS\Sun\Java\bin;C:\WINDOWS\system32;C:\WINDOWS;C:\Program Files (x86)\Common Files\Oracle\Java\javapath;C:\WINDOWS\system32;C:\WINDOWS;C:\WINDOWS\System32\Wbem;C:\WINDOWS\System32\WindowsPowerShell\v1.0\;C:\Program Files (x86)\Skype\Phone\;C:\WINDOWS\System32\OpenSSH\;C:\Program Files\Git\cmd;C:\Program Files\Git\mingw64\bin;C:\Program Files\Git\usr\bin;C:\Users\misha\AppData\Local\Microsoft\WindowsApps;;.]
2019-03-19 08:23:40.311  INFO 7176 --- [main] o.a.c.c.C.[.[localhost].[/testApi]       : Initializing Spring embedded WebApplicationContext
2019-03-19 08:23:40.311  INFO 7176 --- [main] o.s.web.context.ContextLoader            : Root WebApplicationContext: initialization completed in 3727 ms
2019-03-19 08:23:41.273  INFO 7176 --- [main] o.s.s.web.DefaultSecurityFilterChain     : Creating filter chain: any request, [org.springframework.security.web.context.request.async.WebAsyncManagerIntegrationFilter@3122b117, org.springframework.security.web.context.SecurityContextPersistenceFilter@5baaae4c, org.springframework.security.web.header.HeaderWriterFilter@73eb8672, org.springframework.security.web.authentication.logout.LogoutFilter@5a9800f8, org.springframework.security.web.authentication.www.BasicAuthenticationFilter@6999cd39, org.springframework.security.web.savedrequest.RequestCacheAwareFilter@41a6d121, org.springframework.security.web.servletapi.SecurityContextHolderAwareRequestFilter@3d7cc3cb, org.springframework.security.web.authentication.AnonymousAuthenticationFilter@534ca02b, org.springframework.security.web.session.SessionManagementFilter@456be73c, org.springframework.security.web.access.ExceptionTranslationFilter@d0ec63, org.springframework.security.web.access.intercept.FilterSecurityInterceptor@6719a5b8]
2019-03-19 08:23:41.523  INFO 7176 --- [main] o.s.s.concurrent.ThreadPoolTaskExecutor  : Initializing ExecutorService 'applicationTaskExecutor'
2019-03-19 08:23:41.890  INFO 7176 --- [main] o.s.b.w.embedded.tomcat.TomcatWebServer  : Tomcat started on port(s): 8080 (http) with context path '/testApi'
2019-03-19 08:23:41.906  INFO 7176 --- [main] c.t.r.RestUploaderApplication            : Started RestUploaderApplication in 6.928 seconds (JVM running for 9.171)
2019-03-19 08:23:48.139  INFO 7176 --- [http-nio-8080-exec-2] o.a.c.c.C.[.[localhost].[/testApi]       : Initializing Spring DispatcherServlet 'dispatcherServlet'
2019-03-19 08:23:48.140  INFO 7176 --- [http-nio-8080-exec-2] o.s.web.servlet.DispatcherServlet        : Initializing Servlet 'dispatcherServlet'
2019-03-19 08:23:48.154  INFO 7176 --- [http-nio-8080-exec-2] o.s.web.servlet.DispatcherServlet        : Completed initialization in 14 ms
2019-03-19 08:27:04.687  INFO 3628 --- [main] c.t.r.RestUploaderApplication            : Starting RestUploaderApplication on DESKTOP-KBE98QV with PID 3628 (D:\JAVA\IdeaTestProjects\rest-uploader\target\classes started by misha in D:\JAVA\IdeaTestProjects\rest-uploader)
2019-03-19 08:27:04.687  INFO 3628 --- [main] c.t.r.RestUploaderApplication            : No active profile set, falling back to default profiles: default
2019-03-19 08:27:08.955  INFO 3628 --- [main] o.s.b.w.embedded.tomcat.TomcatWebServer  : Tomcat initialized with port(s): 8080 (http)
2019-03-19 08:27:09.020  INFO 3628 --- [main] o.apache.catalina.core.StandardService   : Starting service [Tomcat]
2019-03-19 08:27:09.021  INFO 3628 --- [main] org.apache.catalina.core.StandardEngine  : Starting Servlet engine: [Apache Tomcat/9.0.16]
2019-03-19 08:27:09.037  INFO 3628 --- [main] o.a.catalina.core.AprLifecycleListener   : The APR based Apache Tomcat Native library which allows optimal performance in production environments was not found on the java.library.path: [C:\Program Files\Java\jdk1.8.0_191\bin;C:\WINDOWS\Sun\Java\bin;C:\WINDOWS\system32;C:\WINDOWS;C:\Program Files (x86)\Common Files\Oracle\Java\javapath;C:\WINDOWS\system32;C:\WINDOWS;C:\WINDOWS\System32\Wbem;C:\WINDOWS\System32\WindowsPowerShell\v1.0\;C:\Program Files (x86)\Skype\Phone\;C:\WINDOWS\System32\OpenSSH\;C:\Program Files\Git\cmd;C:\Program Files\Git\mingw64\bin;C:\Program Files\Git\usr\bin;C:\Users\misha\AppData\Local\Microsoft\WindowsApps;;.]
2019-03-19 08:27:09.330  INFO 3628 --- [main] o.a.c.c.C.[.[localhost].[/testApi]       : Initializing Spring embedded WebApplicationContext
2019-03-19 08:27:09.330  INFO 3628 --- [main] o.s.web.context.ContextLoader            : Root WebApplicationContext: initialization completed in 4440 ms
2019-03-19 08:27:10.363  INFO 3628 --- [main] o.s.s.web.DefaultSecurityFilterChain     : Creating filter chain: any request, [org.springframework.security.web.context.request.async.WebAsyncManagerIntegrationFilter@57bd2029, org.springframework.security.web.context.SecurityContextPersistenceFilter@7af1cd63, org.springframework.security.web.header.HeaderWriterFilter@4564e94b, org.springframework.security.web.authentication.logout.LogoutFilter@7a26928a, org.springframework.security.web.authentication.www.BasicAuthenticationFilter@2160e52a, org.springframework.security.web.savedrequest.RequestCacheAwareFilter@3c2772d1, org.springframework.security.web.servletapi.SecurityContextHolderAwareRequestFilter@61f2c3f0, org.springframework.security.web.authentication.AnonymousAuthenticationFilter@203dd56b, org.springframework.security.web.session.SessionManagementFilter@1efdcd5, org.springframework.security.web.access.ExceptionTranslationFilter@4248ed58, org.springframework.security.web.access.intercept.FilterSecurityInterceptor@22101c80]
2019-03-19 08:27:10.640  INFO 3628 --- [main] o.s.s.concurrent.ThreadPoolTaskExecutor  : Initializing ExecutorService 'applicationTaskExecutor'
2019-03-19 08:27:11.030  INFO 3628 --- [main] o.s.b.w.embedded.tomcat.TomcatWebServer  : Tomcat started on port(s): 8080 (http) with context path '/testApi'
2019-03-19 08:27:11.038  INFO 3628 --- [main] c.t.r.RestUploaderApplication            : Started RestUploaderApplication in 7.694 seconds (JVM running for 10.057)
2019-03-19 08:27:16.238  INFO 3628 --- [http-nio-8080-exec-2] o.a.c.c.C.[.[localhost].[/testApi]       : Initializing Spring DispatcherServlet 'dispatcherServlet'
2019-03-19 08:27:16.239  INFO 3628 --- [http-nio-8080-exec-2] o.s.web.servlet.DispatcherServlet        : Initializing Servlet 'dispatcherServlet'
2019-03-19 08:27:16.267  INFO 3628 --- [http-nio-8080-exec-2] o.s.web.servlet.DispatcherServlet        : Completed initialization in 28 ms
